<?xml version="1.0" encoding="UTF-8"?>
<testng-results skipped="0" failed="0" ignored="0" total="1" passed="1">
  <reporter-output>
  </reporter-output>
  <suite name="Suite de teste" duration-ms="12574" started-at="2019-04-13T17:15:00Z" finished-at="2019-04-13T17:15:13Z">
    <groups>
    </groups>
    <test name="Teste Google" duration-ms="12574" started-at="2019-04-13T17:15:00Z" finished-at="2019-04-13T17:15:13Z">
      <class name="testeGrid.dutra.fabiano.GoogleTest">
        <test-method status="PASS" signature="inicializarDriver()[pri:0, instance:testeGrid.dutra.fabiano.GoogleTest@3ffc5af1]" name="inicializarDriver" is-config="true" duration-ms="6182" started-at="2019-04-13T17:15:00Z" finished-at="2019-04-13T17:15:06Z">
          <reporter-output>
          </reporter-output>
        </test-method> <!-- inicializarDriver -->
        <test-method status="PASS" signature="google(java.lang.String, java.lang.String)[pri:0, instance:testeGrid.dutra.fabiano.GoogleTest@3ffc5af1]" name="google" duration-ms="6380" started-at="2019-04-13T17:15:06Z" finished-at="2019-04-13T17:15:13Z">
          <params>
            <param index="0">
              <value>
                <![CDATA[verdecard]]>
              </value>
            </param>
            <param index="1">
              <value>
                <![CDATA[http://www.verdecard.com.br/]]>
              </value>
            </param>
          </params>
          <reporter-output>
          </reporter-output>
        </test-method> <!-- google -->
        <test-method status="PASS" signature="fecharDriver()[pri:0, instance:testeGrid.dutra.fabiano.GoogleTest@3ffc5af1]" name="fecharDriver" is-config="true" duration-ms="0" started-at="2019-04-13T17:15:13Z" finished-at="2019-04-13T17:15:13Z">
          <reporter-output>
          </reporter-output>
        </test-method> <!-- fecharDriver -->
      </class> <!-- testeGrid.dutra.fabiano.GoogleTest -->
    </test> <!-- Teste Google -->
  </suite> <!-- Suite de teste -->
</testng-results>
